Flutter crash report; please file at https://github.com/flutter/flutter/issues.

## command

flutter run

## exception

_TypeError: type 'StateError' is not a subtype of type 'String'

```
#0      _readGradleProject (package:flutter_tools/src/android/gradle.dart:111:35)
<asynchronous suspension>
#1      _gradleProject (package:flutter_tools/src/android/gradle.dart:87:34)
<asynchronous suspension>
#2      getGradleAppOut (package:flutter_tools/src/android/gradle.dart:81:29)
<asynchronous suspension>
#3      AndroidApk.fromAndroidProject (package:flutter_tools/src/application_package.dart:96:23)
<asynchronous suspension>
#4      getApplicationPackageForPlatform (package:flutter_tools/src/application_package.dart:283:30)
<asynchronous suspension>
#5      FlutterDevice.runHot (package:flutter_tools/src/resident_runner.dart:270:21)
<asynchronous suspension>
#6      HotRunner.run (package:flutter_tools/src/run_hot.dart:261:39)
<asynchronous suspension>
#7      RunCommand.runCommand (package:flutter_tools/src/commands/run.dart:391:37)
<asynchronous suspension>
#8      FlutterCommand.verifyThenRunCommand (package:flutter_tools/src/runner/flutter_command.dart:372:18)
#9      _asyncThenWrapperHelper.<anonymous closure> (dart:async/runtime/libasync_patch.dart:77:64)
#10     _rootRunUnary (dart:async/zone.dart:1132:38)
#11     _CustomZone.runUnary (dart:async/zone.dart:1029:19)
#12     _FutureListener.handleValue (dart:async/future_impl.dart:129:18)
#13     Future._propagateToListeners.handleValueCallback (dart:async/future_impl.dart:642:45)
#14     Future._propagateToListeners (dart:async/future_impl.dart:671:32)
#15     Future._complete (dart:async/future_impl.dart:476:7)
#16     _SyncCompleter.complete (dart:async/future_impl.dart:51:12)
#17     _AsyncAwaitCompleter.complete (dart:async/runtime/libasync_patch.dart:28:18)
#18     _completeOnAsyncReturn (dart:async/runtime/libasync_patch.dart:295:13)
#19     RunCommand.usageValues (package:flutter_tools/src/commands/run.dart)
#20     _asyncThenWrapperHelper.<anonymous closure> (dart:async/runtime/libasync_patch.dart:77:64)
#21     _rootRunUnary (dart:async/zone.dart:1132:38)
#22     _CustomZone.runUnary (dart:async/zone.dart:1029:19)
#23     _FutureListener.handleValue (dart:async/future_impl.dart:129:18)
#24     Future._propagateToListeners.handleValueCallback (dart:async/future_impl.dart:642:45)
#25     Future._propagateToListeners (dart:async/future_impl.dart:671:32)
#26     Future._complete (dart:async/future_impl.dart:476:7)
#27     _SyncCompleter.complete (dart:async/future_impl.dart:51:12)
#28     _AsyncAwaitCompleter.complete.<anonymous closure> (dart:async/runtime/libasync_patch.dart:33:20)
#29     _rootRun (dart:async/zone.dart:1124:13)
#30     _CustomZone.run (dart:async/zone.dart:1021:19)
#31     _CustomZone.bindCallback.<anonymous closure> (dart:async/zone.dart:947:23)
#32     _microtaskLoop (dart:async/schedule_microtask.dart:41:21)
#33     _startMicrotaskLoop (dart:async/schedule_microtask.dart:50:5)
#34     _runPendingImmediateCallback (dart:isolate/runtime/libisolate_patch.dart:115:13)
#35     _RawReceivePortImpl._handleMessage (dart:isolate/runtime/libisolate_patch.dart:172:5)
```

## flutter doctor

```
[✓] Flutter (Channel beta, v0.8.2, on Microsoft Windows [Version 10.0.16299.248], locale en-IN)
    • Flutter version 0.8.2 at E:\Mycode\SDK\flutter
    • Framework revision 5ab9e70727 (13 days ago), 2018-09-07 12:33:05 -0700
    • Engine revision 58a1894a1c
    • Dart version 2.1.0-dev.3.1.flutter-760a9690c2

[✓] Android toolchain - develop for Android devices (Android SDK 27.0.3)
    • Android SDK at E:\android\sdk
    • Android NDK location not configured (optional; useful for native profiling support)
    • Platform android-27, build-tools 27.0.3
    • ANDROID_HOME = E:\android
    • Java binary at: C:\Program Files\Android\Android Studio\jre\bin\java
    • Java version OpenJDK Runtime Environment (build 1.8.0_152-release-1024-b02)
    • All Android licenses accepted.

[✓] Android Studio (version 3.1)
    • Android Studio at C:\Program Files\Android\Android Studio
    • Flutter plugin version 28.0.1
    • Dart plugin version 173.4700
    • Java version OpenJDK Runtime Environment (build 1.8.0_152-release-1024-b02)

[✓] VS Code (version 1.27.2)
    • VS Code at C:\Users\Rajesh Shaw\AppData\Local\Programs\Microsoft VS Code
    • Flutter extension version 2.18.0

[✓] Connected devices (1 available)
    • Android SDK built for x86 • emulator-5554 • android-x86 • Android 8.1.0 (API 27) (emulator)

• No issues found!
```
